<?xml version="1.0" encoding="UTF-8"?>
<testsuite xmlns:xsi="http://www.w3.org/2001/XMLSchema-instance" xsi:noNamespaceSchemaLocation="https://maven.apache.org/surefire/maven-surefire-plugin/xsd/surefire-test-report-3.0.xsd" version="3.0" name="com.project.ecommerce.springecommerce.SpringEcommerceApplicationTests" time="4.412" tests="1" errors="0" skipped="0" failures="0">
  <properties>
[...]
</properties>
  <testcase name="contextLoads" classname="com.project.ecommerce.springecommerce.SpringEcommerceApplicationTests" time="0.418">
    <system-out><![CDATA[17:32:05.537 [main] INFO org.springframework.test.context.support.AnnotationConfigContextLoaderUtils -- Could not detect default configuration classes for test class [com.project.ecommerce.springecommerce.SpringEcommerceApplicationTests]: SpringEcommerceApplicationTests does not declare any static, non-private, non-final, nested classes annotated with @Configuration.
17:32:05.611 [main] INFO org.springframework.boot.test.context.SpringBootTestContextBootstrapper -- Found @SpringBootConfiguration com.project.ecommerce.springecommerce.SpringEcommerceApplication for test class com.project.ecommerce.springecommerce.SpringEcommerceApplicationTests

  .   ____          _            __ _ _
 /\\ / ___'_ __ _ _(_)_ __  __ _ \ \ \ \
( ( )\___ | '_ | '_| | '_ \/ _` | \ \ \ \
 \\/  ___)| |_)| | | | | || (_| |  ) ) ) )
  '  |____| .__|_| |_|_| |_\__, | / / / /
 =========|_|==============|___/=/_/_/_/
 :: Spring Boot ::                (v3.1.2)

2023-07-26T17:32:05.985-04:00  INFO 2720 --- [           main] c.p.e.s.SpringEcommerceApplicationTests  : Starting SpringEcommerceApplicationTests using Java 17.0.7 with PID 2720 (started by tmyho in E:\EE_Workspace\Fullstack_Ecommerce\02-spring-backend\spring-ecommerce)
2023-07-26T17:32:05.987-04:00  INFO 2720 --- [           main] c.p.e.s.SpringEcommerceApplicationTests  : No active profile set, falling back to 1 default profile: "default"
2023-07-26T17:32:06.470-04:00  INFO 2720 --- [           main] .s.d.r.c.RepositoryConfigurationDelegate : Bootstrapping Spring Data JPA repositories in DEFAULT mode.
2023-07-26T17:32:06.514-04:00  INFO 2720 --- [           main] .s.d.r.c.RepositoryConfigurationDelegate : Finished Spring Data repository scanning in 38 ms. Found 2 JPA repository interfaces.
2023-07-26T17:32:06.892-04:00  INFO 2720 --- [           main] com.zaxxer.hikari.HikariDataSource       : HikariPool-1 - Starting...
2023-07-26T17:32:07.382-04:00  INFO 2720 --- [           main] com.zaxxer.hikari.pool.HikariPool        : HikariPool-1 - Added connection com.mysql.cj.jdbc.ConnectionImpl@79b18230
2023-07-26T17:32:07.384-04:00  INFO 2720 --- [           main] com.zaxxer.hikari.HikariDataSource       : HikariPool-1 - Start completed.
2023-07-26T17:32:07.416-04:00  INFO 2720 --- [           main] o.hibernate.jpa.internal.util.LogHelper  : HHH000204: Processing PersistenceUnitInfo [name: default]
2023-07-26T17:32:07.450-04:00  INFO 2720 --- [           main] org.hibernate.Version                    : HHH000412: Hibernate ORM core version 6.2.6.Final
2023-07-26T17:32:07.451-04:00  INFO 2720 --- [           main] org.hibernate.cfg.Environment            : HHH000406: Using bytecode reflection optimizer
2023-07-26T17:32:07.612-04:00  INFO 2720 --- [           main] o.h.b.i.BytecodeProviderInitiator        : HHH000021: Bytecode provider name : bytebuddy
2023-07-26T17:32:07.730-04:00  INFO 2720 --- [           main] o.s.o.j.p.SpringPersistenceUnitInfo      : No LoadTimeWeaver setup: ignoring JPA class transformer
2023-07-26T17:32:07.809-04:00  WARN 2720 --- [           main] org.hibernate.orm.deprecation            : HHH90000026: MySQL8Dialect has been deprecated; use org.hibernate.dialect.MySQLDialect instead
2023-07-26T17:32:07.989-04:00  INFO 2720 --- [           main] o.h.b.i.BytecodeProviderInitiator        : HHH000021: Bytecode provider name : bytebuddy
2023-07-26T17:32:08.450-04:00  INFO 2720 --- [           main] o.h.e.t.j.p.i.JtaPlatformInitiator       : HHH000490: Using JtaPlatform implementation: [org.hibernate.engine.transaction.jta.platform.internal.NoJtaPlatform]
2023-07-26T17:32:08.452-04:00  INFO 2720 --- [           main] j.LocalContainerEntityManagerFactoryBean : Initialized JPA EntityManagerFactory for persistence unit 'default'
2023-07-26T17:32:08.606-04:00  WARN 2720 --- [           main] JpaBaseConfiguration$JpaWebConfiguration : spring.jpa.open-in-view is enabled by default. Therefore, database queries may be performed during view rendering. Explicitly configure spring.jpa.open-in-view to disable this warning
2023-07-26T17:32:09.387-04:00  INFO 2720 --- [           main] c.p.e.s.SpringEcommerceApplicationTests  : Started SpringEcommerceApplicationTests in 3.648 seconds (process running for 4.409)
]]></system-out>
  </testcase>
</testsuite>